<?xml version="1.0" encoding="UTF-8"?>
<!-- Generated by org.testng.reporters.JUnitReportReporter -->
<testsuite hostname="TINMA2-LW1-0046" failures="0" tests="2" name="com.net.DataPro" time="50.164" errors="0" timestamp="2024-01-12T16:00:44 IST" skipped="0">
  <testcase classname="com.net.DataPro" name="login" time="15.279"/>
  <testcase classname="com.net.DataPro" name="login" time="34.885"/>
</testsuite> <!-- com.net.DataPro -->
